Arguments: 
  /Users/bencoullie/.nvm/versions/node/v16.13.2/bin/node /Users/bencoullie/.nvm/versions/node/v16.13.2/bin/yarn install

PATH: 
  /Users/bencoullie/.antigen/bundles/paulirish/git-open:/Users/bencoullie/.nvm/versions/node/v16.13.2/bin:/usr/local/bin:/usr/bin:/bin:/usr/sbin:/sbin:/usr/local/share/dotnet:~/.dotnet/tools:/Library/Frameworks/Mono.framework/Versions/Current/Commands:/Users/bencoullie/.antigen/bundles/paulirish/git-open:/Users/bencoullie/.antigen/bundles/zsh-users/zsh-autosuggestions:/Users/bencoullie/.antigen/bundles/agkozak/zsh-z:/Users/bencoullie/.antigen/bundles/robbyrussell/oh-my-zsh/lib:/Users/bencoullie/.antigen/bundles/robbyrussell/oh-my-zsh/plugins/git:/Users/bencoullie/.antigen/bundles/zsh-users/zsh-syntax-highlighting:/Users/bencoullie/.antigen/bundles/denysdovhan/spaceship-prompt

Yarn version: 
  1.22.17

Node version: 
  16.13.2

Platform: 
  darwin x64

Trace: 
  Error: https://faml-167259383224.d.codeartifact.ap-southeast-2.amazonaws.com/npm/faml/solid-js: Unauthenticated: request used expired credentials. Please renew your credentials.
      at Request.params.callback [as _callback] (/Users/bencoullie/.nvm/versions/node/v16.13.2/lib/node_modules/yarn/lib/cli.js:67029:18)
      at Request.self.callback (/Users/bencoullie/.nvm/versions/node/v16.13.2/lib/node_modules/yarn/lib/cli.js:140883:22)
      at Request.emit (node:events:390:28)
      at Request.<anonymous> (/Users/bencoullie/.nvm/versions/node/v16.13.2/lib/node_modules/yarn/lib/cli.js:141855:10)
      at Request.emit (node:events:390:28)
      at Gunzip.<anonymous> (/Users/bencoullie/.nvm/versions/node/v16.13.2/lib/node_modules/yarn/lib/cli.js:141777:12)
      at Object.onceWrapper (node:events:509:28)
      at Gunzip.emit (node:events:390:28)
      at endReadableNT (node:internal/streams/readable:1343:12)
      at processTicksAndRejections (node:internal/process/task_queues:83:21)

npm manifest: 
  {
    "name": "vite-template-solid",
    "version": "0.0.0",
    "description": "",
    "scripts": {
      "start": "vite",
      "dev": "vite",
      "build": "vite build",
      "serve": "vite preview"
    },
    "license": "MIT",
    "devDependencies": {
      "typescript": "^4.5.5",
      "vite": "^2.8.0",
      "vite-plugin-solid": "^2.2.5"
    },
    "dependencies": {
      "solid-js": "^1.3.7"
    }
  }

yarn manifest: 
  No manifest

Lockfile: 
  No lockfile
